<?xml version="1.0" encoding="UTF-8"?>
<testng-results skipped="0" failed="0" ignored="0" total="4" passed="4">
  <reporter-output>
  </reporter-output>
  <suite name="Amazon App is running on Chrome Browser" duration-ms="68133" started-at="2018-09-15T13:52:43Z" finished-at="2018-09-15T13:53:52Z">
    <groups>
    </groups>
    <test name="Home Page" duration-ms="68133" started-at="2018-09-15T13:52:43Z" finished-at="2018-09-15T13:53:52Z">
      <class name="ProductSearch">
        <test-method status="PASS" signature="setUp(boolean, java.lang.String, java.lang.String, java.lang.String, java.lang.String, java.lang.String, java.lang.String)[pri:0, instance:ProductSearch@76707e36]" name="setUp" is-config="true" duration-ms="5448" started-at="2018-09-15T13:52:43Z" finished-at="2018-09-15T13:52:49Z">
          <params>
            <param index="0">
              <value>
                <![CDATA[false]]>
              </value>
            </param>
            <param index="1">
              <value>
                <![CDATA[mdalam]]>
              </value>
            </param>
            <param index="2">
              <value>
                <![CDATA[662b4ed7-1a59-4ab2-ae8c-2dfe1e32f4aa]]>
              </value>
            </param>
            <param index="3">
              <value>
                <![CDATA[https://www.amazon.com]]>
              </value>
            </param>
            <param index="4">
              <value>
                <![CDATA[mac]]>
              </value>
            </param>
            <param index="5">
              <value>
                <![CDATA[chrome]]>
              </value>
            </param>
            <param index="6">
              <value>
                <![CDATA[45.0.2454.93]]>
              </value>
            </param>
          </params>
          <reporter-output>
          </reporter-output>
        </test-method> <!-- setUp -->
        <test-method status="PASS" signature="testTWCSignIn()[pri:0, instance:ProductSearch@76707e36]" name="testTWCSignIn" duration-ms="10386" started-at="2018-09-15T13:52:49Z" finished-at="2018-09-15T13:52:59Z">
          <reporter-output>
          </reporter-output>
        </test-method> <!-- testTWCSignIn -->
        <test-method status="PASS" signature="cleanUp()[pri:0, instance:ProductSearch@76707e36]" name="cleanUp" is-config="true" duration-ms="100" started-at="2018-09-15T13:52:59Z" finished-at="2018-09-15T13:52:59Z">
          <reporter-output>
          </reporter-output>
        </test-method> <!-- cleanUp -->
        <test-method status="PASS" signature="setUp(boolean, java.lang.String, java.lang.String, java.lang.String, java.lang.String, java.lang.String, java.lang.String)[pri:0, instance:ProductSearch@76707e36]" name="setUp" is-config="true" duration-ms="5322" started-at="2018-09-15T13:52:59Z" finished-at="2018-09-15T13:53:05Z">
          <params>
            <param index="0">
              <value>
                <![CDATA[false]]>
              </value>
            </param>
            <param index="1">
              <value>
                <![CDATA[mdalam]]>
              </value>
            </param>
            <param index="2">
              <value>
                <![CDATA[662b4ed7-1a59-4ab2-ae8c-2dfe1e32f4aa]]>
              </value>
            </param>
            <param index="3">
              <value>
                <![CDATA[https://www.amazon.com]]>
              </value>
            </param>
            <param index="4">
              <value>
                <![CDATA[mac]]>
              </value>
            </param>
            <param index="5">
              <value>
                <![CDATA[chrome]]>
              </value>
            </param>
            <param index="6">
              <value>
                <![CDATA[45.0.2454.93]]>
              </value>
            </param>
          </params>
          <reporter-output>
          </reporter-output>
        </test-method> <!-- setUp -->
        <test-method status="PASS" signature="testTWCSignIn2()[pri:0, instance:ProductSearch@76707e36]" name="testTWCSignIn2" duration-ms="11633" started-at="2018-09-15T13:53:05Z" finished-at="2018-09-15T13:53:16Z">
          <reporter-output>
          </reporter-output>
        </test-method> <!-- testTWCSignIn2 -->
        <test-method status="PASS" signature="cleanUp()[pri:0, instance:ProductSearch@76707e36]" name="cleanUp" is-config="true" duration-ms="95" started-at="2018-09-15T13:53:16Z" finished-at="2018-09-15T13:53:16Z">
          <reporter-output>
          </reporter-output>
        </test-method> <!-- cleanUp -->
      </class> <!-- ProductSearch -->
      <class name="AccountPage">
        <test-method status="PASS" signature="setUp(boolean, java.lang.String, java.lang.String, java.lang.String, java.lang.String, java.lang.String, java.lang.String)[pri:0, instance:AccountPage@614ddd49]" name="setUp" is-config="true" duration-ms="3642" started-at="2018-09-15T13:53:16Z" finished-at="2018-09-15T13:53:20Z">
          <params>
            <param index="0">
              <value>
                <![CDATA[false]]>
              </value>
            </param>
            <param index="1">
              <value>
                <![CDATA[mdalam]]>
              </value>
            </param>
            <param index="2">
              <value>
                <![CDATA[662b4ed7-1a59-4ab2-ae8c-2dfe1e32f4aa]]>
              </value>
            </param>
            <param index="3">
              <value>
                <![CDATA[https://www.amazon.com]]>
              </value>
            </param>
            <param index="4">
              <value>
                <![CDATA[mac]]>
              </value>
            </param>
            <param index="5">
              <value>
                <![CDATA[chrome]]>
              </value>
            </param>
            <param index="6">
              <value>
                <![CDATA[45.0.2454.93]]>
              </value>
            </param>
          </params>
          <reporter-output>
          </reporter-output>
        </test-method> <!-- setUp -->
        <test-method status="PASS" signature="testTWCSignIn()[pri:0, instance:AccountPage@614ddd49]" name="testTWCSignIn" duration-ms="11809" started-at="2018-09-15T13:53:20Z" finished-at="2018-09-15T13:53:32Z">
          <reporter-output>
          </reporter-output>
        </test-method> <!-- testTWCSignIn -->
        <test-method status="PASS" signature="cleanUp()[pri:0, instance:AccountPage@614ddd49]" name="cleanUp" is-config="true" duration-ms="96" started-at="2018-09-15T13:53:32Z" finished-at="2018-09-15T13:53:32Z">
          <reporter-output>
          </reporter-output>
        </test-method> <!-- cleanUp -->
        <test-method status="PASS" signature="setUp(boolean, java.lang.String, java.lang.String, java.lang.String, java.lang.String, java.lang.String, java.lang.String)[pri:0, instance:AccountPage@614ddd49]" name="setUp" is-config="true" duration-ms="3790" started-at="2018-09-15T13:53:32Z" finished-at="2018-09-15T13:53:36Z">
          <params>
            <param index="0">
              <value>
                <![CDATA[false]]>
              </value>
            </param>
            <param index="1">
              <value>
                <![CDATA[mdalam]]>
              </value>
            </param>
            <param index="2">
              <value>
                <![CDATA[662b4ed7-1a59-4ab2-ae8c-2dfe1e32f4aa]]>
              </value>
            </param>
            <param index="3">
              <value>
                <![CDATA[https://www.amazon.com]]>
              </value>
            </param>
            <param index="4">
              <value>
                <![CDATA[mac]]>
              </value>
            </param>
            <param index="5">
              <value>
                <![CDATA[chrome]]>
              </value>
            </param>
            <param index="6">
              <value>
                <![CDATA[45.0.2454.93]]>
              </value>
            </param>
          </params>
          <reporter-output>
          </reporter-output>
        </test-method> <!-- setUp -->
        <test-method status="PASS" signature="testTWCSignIn2()[pri:0, instance:AccountPage@614ddd49]" name="testTWCSignIn2" duration-ms="15690" started-at="2018-09-15T13:53:36Z" finished-at="2018-09-15T13:53:51Z">
          <reporter-output>
          </reporter-output>
        </test-method> <!-- testTWCSignIn2 -->
        <test-method status="PASS" signature="cleanUp()[pri:0, instance:AccountPage@614ddd49]" name="cleanUp" is-config="true" duration-ms="99" started-at="2018-09-15T13:53:51Z" finished-at="2018-09-15T13:53:52Z">
          <reporter-output>
          </reporter-output>
        </test-method> <!-- cleanUp -->
      </class> <!-- AccountPage -->
    </test> <!-- Home Page -->
  </suite> <!-- Amazon App is running on Chrome Browser -->
</testng-results>
