<?xml version="1.0" encoding="UTF-8"?>
<!-- Generated by org.testng.reporters.JUnitXMLReporter -->
<testsuite hostname="CHIC02S10KWG8WL" ignored="0" tests="4" failures="0" timestamp="15 Sep 2018 13:53:52 GMT" time="68.133" errors="0">
  <testcase name="testTWCSignIn" time="10.386" classname="ProductSearch"/>
  <testcase name="testTWCSignIn2" time="11.633" classname="ProductSearch"/>
  <testcase name="testTWCSignIn" time="11.809" classname="AccountPage"/>
  <testcase name="testTWCSignIn2" time="15.69" classname="AccountPage"/>
</testsuite>
